-------------------------------------------------------------------------------
Test set: SimpleTest
-------------------------------------------------------------------------------
Tests run: 2, Failures: 1, Errors: 0, Skipped: 0, Time elapsed: 22.153 s <<< FAILURE! - in SimpleTest
testSixCheckLoginWithCorrectCredentials  Time elapsed: 4.645 s  <<< FAILURE!
org.opentest4j.AssertionFailedError: expected: <true> but was: <false>
	at SimpleTest.testSixCheckLoginWithCorrectCredentials(SimpleTest.java:50)

