<?xml version="1.0" encoding="UTF-8"?>
<testsuite xmlns:xsi="http://www.w3.org/2001/XMLSchema-instance" xsi:noNamespaceSchemaLocation="https://maven.apache.org/surefire/maven-surefire-plugin/xsd/surefire-test-report.xsd" name="SimpleTest" time="22.153" tests="2" errors="0" skipped="0" failures="1">
  <properties>
[...]
</properties>
  <testcase name="testSixCheckLoginWithIncorrectCredentials" classname="SimpleTest" time="17.414"/>
  <testcase name="testSixCheckLoginWithCorrectCredentials" classname="SimpleTest" time="4.645">
    <failure message="expected: &lt;true&gt; but was: &lt;false&gt;" type="org.opentest4j.AssertionFailedError"><![CDATA[org.opentest4j.AssertionFailedError: expected: <true> but was: <false>
	at SimpleTest.testSixCheckLoginWithCorrectCredentials(SimpleTest.java:50)
]]></failure>
    <system-out><![CDATA[19:35:34.219 [main] DEBUG io.github.bonigarcia.wdm.Shell - Running command on the shell: [wmic, datafile, where, name='C:\\Program Files (x86)\\Mozilla Firefox\\firefox.exe', get, Version, /value]
19:35:34.313 [main] DEBUG io.github.bonigarcia.wdm.Shell - Result: 
19:35:34.313 [main] DEBUG i.g.bonigarcia.wdm.WebDriverManager - The proper geckodriver version for your Mozilla Firefox is unknown ... trying with the latest
19:35:34.313 [main] DEBUG i.g.bonigarcia.wdm.WebDriverManager - Latest version of geckodriver is 0.29.1 (recently resolved)
19:35:34.313 [main] DEBUG i.g.bonigarcia.wdm.WebDriverManager - Driver geckodriver (latest version) found in cache
19:35:34.313 [main] INFO  i.g.bonigarcia.wdm.WebDriverManager - Exporting webdriver.gecko.driver as C:\Users\Sergey Kiyauzer\.m2\repository\webdriver\geckodriver\win64\0.29.1\geckodriver.exe
]]></system-out>
    <system-err><![CDATA[1625675734406	geckodriver	INFO	Listening on 127.0.0.1:18122
1625675734443	mozrunner::runner	INFO	Running command: "C:\\Program Files\\Mozilla Firefox\\firefox.exe" "--marionette" "-headless" "-foreground" "-no-remote" "-profile" "C:\\Users\\SERGEY~1\\AppData\\Local\\Temp\\rust_mozprofile5jaMH4"
*** You are running in headless mode.
1625675734973	Marionette	INFO	Marionette enabled
console.warn: SearchSettings: "get: No settings file exists, new profile?" (new NotFoundError("Could not open the file at C:\\Users\\Sergey Kiyauzer\\AppData\\Local\\Temp\\rust_mozprofile5jaMH4\\search.json.mozlz4", (void 0)))
1625675736387	Marionette	INFO	Listening on port 54088
1625675736488	Marionette	WARN	TLS certificate errors will be ignored for this session
Jul 07, 2021 7:35:36 PM org.openqa.selenium.remote.ProtocolHandshake createSession
INFO: Detected dialect: W3C
1625675738113	Marionette	INFO	Stopped listening on port 54088

###!!! [Child][MessageChannel] Error: (msgtype=0x230030,name=PBrowser::Msg___delete__) Channel closing: too late to send/recv, messages will be lost

]]></system-err>
  </testcase>
</testsuite>